<?xml version="1.0" encoding="UTF-8"?>
<testng-results ignored="0" total="1" passed="1" failed="0" skipped="0">
  <reporter-output>
  </reporter-output>
  <suite started-at="2024-12-13T14:22:01 IST" name="Default suite" finished-at="2024-12-13T14:22:38 IST" duration-ms="36935">
    <groups>
    </groups>
    <test started-at="2024-12-13T14:22:01 IST" name="Default test" finished-at="2024-12-13T14:22:38 IST" duration-ms="36935">
      <class name="test_class.Testclass">
        <test-method is-config="true" signature="setup()[pri:0, instance:test_class.Testclass@27462a88]" started-at="2024-12-13T14:22:01 IST" name="setup" finished-at="2024-12-13T14:22:12 IST" duration-ms="10149" status="PASS">
          <reporter-output>
          </reporter-output>
        </test-method> <!-- setup -->
        <test-method signature="submittest()[pri:0, instance:test_class.Testclass@27462a88]" started-at="2024-12-13T14:22:12 IST" name="submittest" finished-at="2024-12-13T14:22:38 IST" duration-ms="26744" status="PASS">
          <reporter-output>
          </reporter-output>
        </test-method> <!-- submittest -->
      </class> <!-- test_class.Testclass -->
    </test> <!-- Default test -->
  </suite> <!-- Default suite -->
</testng-results>
